<?xml version="1.0" encoding="UTF-8"?>
<!-- Generated by org.testng.reporters.JUnitReportReporter -->
<testsuite hostname="DESKTOP-0RL3HA7" failures="0" tests="1" name="uiTest.searchTestUI" time="34.479" errors="0" timestamp="2022-04-11T04:06:48 BST" skipped="0">
  <testcase classname="uiTest.searchTestUI" name="testProductRelatedSearchSection" time="34.479"/>
  <system-out>
    <![CDATA[Verify on for search item page
Verify that Related Search section appears]]>
  </system-out>
</testsuite> <!-- uiTest.searchTestUI -->
