<?xml version="1.0" encoding="UTF-8"?>
<!-- Generated by org.testng.reporters.JUnitReportReporter -->
<testsuite hostname="DESKTOP-0RL3HA7" failures="0" tests="1" name="sample.demo" time="0.031" errors="0" timestamp="2022-03-26T16:00:21 GMT" skipped="0">
  <testcase classname="sample.demo" name="start" time="0.031"/>
  <system-out/>
</testsuite> <!-- sample.demo -->
