<?xml version="1.0" encoding="UTF-8"?>
<!-- Generated by org.testng.reporters.JUnitReportReporter -->
<testsuite hostname="DESKTOP-0RL3HA7" failures="0" tests="4" name="sample.priority" time="0.024" errors="0" timestamp="2022-03-27T00:54:06 GMT" skipped="0">
  <testcase classname="sample.priority" name="start" time="0.014"/>
  <system-out/>
  <testcase classname="sample.priority" name="testcase" time="0.003"/>
  <system-out/>
  <testcase classname="sample.priority" name="testcase3" time="0.003"/>
  <system-out/>
  <testcase classname="sample.priority" name="testcase2" time="0.004"/>
  <system-out/>
</testsuite> <!-- sample.priority -->
